c:\users\diane\source\repos\tetrisbattle\debug\vc143.pdb
c:\users\diane\source\repos\tetrisbattle\debug\vc143.idb
c:\users\diane\source\repos\tetrisbattle\debug\main.obj
c:\users\diane\source\repos\tetrisbattle\debug\arial.ttf
c:\users\diane\source\repos\tetrisbattle\debug\background.png
c:\users\diane\source\repos\tetrisbattle\debug\blue.png
c:\users\diane\source\repos\tetrisbattle\debug\green.png
c:\users\diane\source\repos\tetrisbattle\debug\light_blue.png
c:\users\diane\source\repos\tetrisbattle\debug\orange.png
c:\users\diane\source\repos\tetrisbattle\debug\purple.png
c:\users\diane\source\repos\tetrisbattle\debug\red.png
c:\users\diane\source\repos\tetrisbattle\debug\yellow.png
c:\users\diane\source\repos\tetrisbattle\debug\highscore.txt
c:\users\diane\source\repos\tetrisbattle\debug\tetrisbattle.ilk
c:\users\diane\source\repos\tetrisbattle\debug\tetrisbattle.exe
c:\users\diane\source\repos\tetrisbattle\debug\tetrisbattle.pdb
c:\users\diane\source\repos\tetrisbattle\debug\sfml-graphics-d-2.dll
c:\users\diane\source\repos\tetrisbattle\debug\sfml-window-d-2.dll
c:\users\diane\source\repos\tetrisbattle\debug\sfml-system-d-2.dll
c:\users\diane\source\repos\tetrisbattle\debug\freetyped.dll
c:\users\diane\source\repos\tetrisbattle\debug\zlibd1.dll
c:\users\diane\source\repos\tetrisbattle\debug\bz2d.dll
c:\users\diane\source\repos\tetrisbattle\debug\libpng16d.dll
c:\users\diane\source\repos\tetrisbattle\debug\brotlidec.dll
c:\users\diane\source\repos\tetrisbattle\debug\brotlicommon.dll
c:\users\diane\source\repos\tetrisbattle\debug\tetrisbattle.tlog\cl.command.1.tlog
c:\users\diane\source\repos\tetrisbattle\debug\tetrisbattle.tlog\cl.read.1.tlog
c:\users\diane\source\repos\tetrisbattle\debug\tetrisbattle.tlog\cl.write.1.tlog
c:\users\diane\source\repos\tetrisbattle\debug\tetrisbattle.tlog\copyfile.command.1.tlog
c:\users\diane\source\repos\tetrisbattle\debug\tetrisbattle.tlog\copyfile.read.1.tlog
c:\users\diane\source\repos\tetrisbattle\debug\tetrisbattle.tlog\copyfile.write.1.tlog
c:\users\diane\source\repos\tetrisbattle\debug\tetrisbattle.tlog\link.command.1.tlog
c:\users\diane\source\repos\tetrisbattle\debug\tetrisbattle.tlog\link.read.1.tlog
c:\users\diane\source\repos\tetrisbattle\debug\tetrisbattle.tlog\link.write.1.tlog
c:\users\diane\source\repos\tetrisbattle\debug\tetrisbattle.tlog\tetrisbattle.write.1u.tlog
